<?xml version="1.0" encoding="utf-8"?><testsuites name="pytest tests"><testsuite name="pytest" errors="0" failures="0" skipped="0" tests="21" time="0.168" timestamp="2026-05-11T19:35:16.384941-05:00" hostname="esteban-Zenbook-UX3402ZA-UX3402ZA"><testcase classname="tests.test_concatenate.TestConcatenate" name="test_example_case" time="0.002" /><testcase classname="tests.test_concatenate.TestConcatenate" name="test_empty_array" time="0.001" /><testcase classname="tests.test_concatenate.TestConcatenate" name="test_single_word" time="0.001" /><testcase classname="tests.test_concatenate.TestConcatenate" name="test_words_with_varying_lengths" time="0.001" /><testcase classname="tests.test_concatenate.TestConcatenate" name="test_word_shorter_than_index" time="0.001" /><testcase classname="tests.test_costs.TestCosts" name="test_basic_case" time="0.001" /><testcase classname="tests.test_costs.TestCosts" name="test_unknown_item_ignored" time="0.001" /><testcase classname="tests.test_costs.TestCosts" name="test_empty_list" time="0.000" /><testcase classname="tests.test_costs.TestCosts" name="test_zero_tax" time="0.001" /><testcase classname="tests.test_costs.TestCosts" name="test_all_unknown" time="0.001" /><testcase classname="tests.test_costs.TestCosts" name="test_multiple_entries" time="0.001" /><testcase classname="tests.test_dictionary.TestDictionary" name="test_look_existing_word" time="0.001" /><testcase classname="tests.test_dictionary.TestDictionary" name="test_look_non_existing_word" time="0.001" /><testcase classname="tests.test_dictionary.TestDictionary" name="test_getallwords" time="0.001" /><testcase classname="tests.test_dictionary.TestDictionary" name="test_multiple_entries" time="0.001" /><testcase classname="tests.test_dictionary.TestDictionary" name="test_overwrite_entry" time="0.001" /><testcase classname="tests.test_dictionary.TestDictionary" name="test_getallwords_empty" time="0.001" /><testcase classname="tests.test_dictionary.TestDictionary" name="test_getallwords_multiple_entries" time="0.001" /><testcase classname="tests.test_generate_config.TestGenerateConfig" name="test_writes_expected_yaml_with_defaults" time="0.006" /><testcase classname="tests.test_generate_config.TestGenerateConfig" name="test_custom_parameters" time="0.002" /><testcase classname="tests.test_generate_config.TestGenerateConfig" name="test_main_block_writes_default_config" time="0.005" /></testsuite></testsuites>